0 info it worked if it ends with ok
1 verbose cli [ '/usr/local/Cellar/node/5.1.0/bin/node',
1 verbose cli   '/usr/local/bin/npm',
1 verbose cli   'publish' ]
2 info using npm@3.3.12
3 info using node@v5.1.0
4 verbose publish [ '.' ]
5 silly cache add args [ '.', null ]
6 verbose cache add spec .
7 silly cache add parsed spec Result {
7 silly cache add   raw: '.',
7 silly cache add   scope: null,
7 silly cache add   name: null,
7 silly cache add   rawSpec: '.',
7 silly cache add   spec: '/Users/bee/poetic/workspace/gravity-forms-api',
7 silly cache add   type: 'directory' }
8 verbose addLocalDirectory /Users/bee/.npm/gravity-forms-api/0.0.2/package.tgz not in flight; packing
9 info lifecycle gravity-forms-api@0.0.2~prepublish: gravity-forms-api@0.0.2
10 verbose lifecycle gravity-forms-api@0.0.2~prepublish: unsafe-perm in lifecycle true
11 verbose lifecycle gravity-forms-api@0.0.2~prepublish: PATH: /usr/local/lib/node_modules/npm/bin/node-gyp-bin:/Users/bee/poetic/workspace/gravity-forms-api/node_modules/.bin:/Users/bee/bin:/usr/local/bin:/Users/bee/.rbenv/shims:/usr/local/bin:/usr/bin:/bin:/usr/sbin:/sbin:/Users/bee/bin:/Users/bee/.rbenv/shims
12 verbose lifecycle gravity-forms-api@0.0.2~prepublish: CWD: /Users/bee/poetic/workspace/gravity-forms-api
13 silly lifecycle gravity-forms-api@0.0.2~prepublish: Args: [ '-c', 'npm run build' ]
14 silly lifecycle gravity-forms-api@0.0.2~prepublish: Returned: code: 0  signal: null
15 verbose tar pack [ '/Users/bee/.npm/gravity-forms-api/0.0.2/package.tgz',
15 verbose tar pack   '/Users/bee/poetic/workspace/gravity-forms-api' ]
16 verbose tarball /Users/bee/.npm/gravity-forms-api/0.0.2/package.tgz
17 verbose folder /Users/bee/poetic/workspace/gravity-forms-api
18 verbose addLocalTarball adding from inside cache /Users/bee/.npm/gravity-forms-api/0.0.2/package.tgz
19 silly cache afterAdd gravity-forms-api@0.0.2
20 verbose afterAdd /Users/bee/.npm/gravity-forms-api/0.0.2/package/package.json not in flight; writing
21 verbose afterAdd /Users/bee/.npm/gravity-forms-api/0.0.2/package/package.json written
22 silly publish { name: 'gravity-forms-api',
22 silly publish   version: '0.0.2',
22 silly publish   description: 'Basic module that creates signatures and requests data from gravity forms endpoints',
22 silly publish   main: 'lib/index.js',
22 silly publish   scripts:
22 silly publish    { build: 'babel src --presets babel-preset-es2015 --out-dir lib',
22 silly publish      prepublish: 'npm run build' },
22 silly publish   repository:
22 silly publish    { type: 'git',
22 silly publish      url: 'git+https://github.com/poetic/gravity-forms-api.git' },
22 silly publish   keywords: [ 'forms' ],
22 silly publish   author: { name: 'poetic systems' },
22 silly publish   license: 'MIT',
22 silly publish   bugs: { url: 'https://github.com/poetic/gravity-forms-api/issues' },
22 silly publish   homepage: 'https://github.com/poetic/gravity-forms-api#readme',
22 silly publish   dependencies: { 'crypto-js': '^3.1.6' },
22 silly publish   devDependencies: { 'babel-cli': '^6.8.0', 'babel-preset-es2015': '^6.6.0' },
22 silly publish   readme: 'GravityFormsAPI\n=========\n\nA small api for making requests to Gravity Forms integrated WordPress sites\n\n## Installation\n\n  npm install gravity-forms-api --save\n\n## Usage\n\n  ```\n  import { GravityFormsAPI } from \'gravity-forms-api\';\n\n  const apiKey = \'1234\';\n  const domain = \'www.yourDomain.com\';\n  const privateKey = \'abc\';\n\n  // initialize gravityForms instance\n  const gravityForms = new GravityFormsAPI(apiKey, domain, privateKey);\n\n  const method = \'GET\';\n  const route = \'forms/1/entries\';\n\n  // Create a signature for the route you want to interact with\n  const signature = gravityForms.createSignature(method, route);\n\n  // Make the api request\n  const results = gravityForms.request(route, signature);\n  ```\n\n## Release History\n\n* 0.0.1 Initial release\n',
22 silly publish   readmeFilename: 'README.md',
22 silly publish   gitHead: '31ac7b90fda08e102f2541b47d12317f2b227631',
22 silly publish   _id: 'gravity-forms-api@0.0.2',
22 silly publish   _shasum: 'f6f8991f69f0dc0f491ffcfafa3a96cb6ba25d89',
22 silly publish   _from: '.' }
23 verbose getPublishConfig undefined
24 silly mapToRegistry name gravity-forms-api
25 silly mapToRegistry using default registry
26 silly mapToRegistry registry https://registry.npmjs.org/
27 silly mapToRegistry uri https://registry.npmjs.org/gravity-forms-api
28 verbose publish registryBase https://registry.npmjs.org/
29 silly publish uploading /Users/bee/.npm/gravity-forms-api/0.0.2/package.tgz
30 verbose request uri https://registry.npmjs.org/gravity-forms-api
31 verbose request sending authorization for write operation
32 info attempt registry request try #1 at 7:52:18 AM
33 verbose request using bearer token for auth
34 verbose request id cec239ace857c9ed
35 http request PUT https://registry.npmjs.org/gravity-forms-api
36 http 403 https://registry.npmjs.org/gravity-forms-api
37 verbose headers { 'content-type': 'application/json',
37 verbose headers   'cache-control': 'max-age=300',
37 verbose headers   'content-length': '95',
37 verbose headers   'accept-ranges': 'bytes',
37 verbose headers   date: 'Fri, 13 May 2016 12:52:13 GMT',
37 verbose headers   via: '1.1 varnish',
37 verbose headers   connection: 'keep-alive',
37 verbose headers   'x-served-by': 'cache-dfw1839-DFW',
37 verbose headers   'x-cache': 'MISS',
37 verbose headers   'x-cache-hits': '0',
37 verbose headers   'x-timer': 'S1463143932.226094,VS0,VE1143',
37 verbose headers   vary: 'Accept-Encoding' }
38 verbose request invalidating /Users/bee/.npm/registry.npmjs.org/gravity-forms-api on PUT
39 error publish Failed PUT 403
40 verbose stack Error: "You cannot publish over the previously published version 0.0.2." : gravity-forms-api
40 verbose stack     at makeError (/usr/local/lib/node_modules/npm/node_modules/npm-registry-client/lib/request.js:264:12)
40 verbose stack     at CachingRegistryClient.<anonymous> (/usr/local/lib/node_modules/npm/node_modules/npm-registry-client/lib/request.js:252:14)
40 verbose stack     at Request._callback (/usr/local/lib/node_modules/npm/node_modules/npm-registry-client/lib/request.js:172:14)
40 verbose stack     at Request.self.callback (/usr/local/lib/node_modules/npm/node_modules/request/request.js:198:22)
40 verbose stack     at emitTwo (events.js:87:13)
40 verbose stack     at Request.emit (events.js:172:7)
40 verbose stack     at Request.<anonymous> (/usr/local/lib/node_modules/npm/node_modules/request/request.js:1082:10)
40 verbose stack     at emitOne (events.js:82:20)
40 verbose stack     at Request.emit (events.js:169:7)
40 verbose stack     at IncomingMessage.<anonymous> (/usr/local/lib/node_modules/npm/node_modules/request/request.js:1009:12)
41 verbose statusCode 403
42 verbose pkgid gravity-forms-api
43 verbose cwd /Users/bee/poetic/workspace/gravity-forms-api
44 error Darwin 15.4.0
45 error argv "/usr/local/Cellar/node/5.1.0/bin/node" "/usr/local/bin/npm" "publish"
46 error node v5.1.0
47 error npm  v3.3.12
48 error code E403
49 error "You cannot publish over the previously published version 0.0.2." : gravity-forms-api
50 error If you need help, you may report this error at:
50 error     <https://github.com/npm/npm/issues>
51 verbose exit [ 1, true ]
